Running: /opt/Xilinx/14.7/ISE_DS/ISE/bin/lin64/unwrapped/fuse -intstyle ise -incremental -o /home/gallego/Escritorio/ArquitecturaComputadores/Procesador2/test_SEV_isim_beh.exe -prj /home/gallego/Escritorio/ArquitecturaComputadores/Procesador2/test_SEV_beh.prj work.test_SEV 
ISim P.20131013 (signature 0xfbc00daa)
Number of CPUs detected in this system: 4
Turning on mult-threading, number of parallel sub-compilation jobs: 8 
Determining compilation order of HDL files
Parsing VHDL file "/home/gallego/Escritorio/ArquitecturaComputadores/Procesador2/SEV.vhd" into library work
Parsing VHDL file "/home/gallego/Escritorio/ArquitecturaComputadores/Procesador2/test_SEV.vhd" into library work
Starting static elaboration
Completed static elaboration
Fuse Memory Usage: 95052 KB
Fuse CPU Usage: 1160 ms
Compiling package standard
Compiling package std_logic_1164
Compiling architecture behavioral of entity SEV [sev_default]
Compiling architecture behavior of entity test_sev
Time Resolution for simulation is 1ps.
Compiled 5 VHDL Units
Built simulation executable /home/gallego/Escritorio/ArquitecturaComputadores/Procesador2/test_SEV_isim_beh.exe
Fuse Memory Usage: 660748 KB
Fuse CPU Usage: 1190 ms
GCC CPU Usage: 610 ms
