Command line:
   tbSumar1_isim_beh.exe
     -simmode  gui
     -simrunnum  0
     -socket  43475

Tue Apr 10 19:03:37 2018


 Elaboration Time: 0.02 sec

 Current Memory Usage: 196.317 Meg

 Total Signals          : 6
 Total Nets             : 96
 Total Signal Drivers   : 3
 Total Blocks           : 4
 Total Primitive Blocks : 3
 Total Processes        : 2
 Total Traceable Variables  : 13
 Total Scalar Nets and Variables : 579
Total Line Count : 6

 Total Simulation Time: 0.02 sec

 Current Memory Usage: 271.819 Meg

Tue Apr 10 19:03:43 2018

